0.09893250057705553686
0.02643413685658304744
0.02354879325145668318
0.01240499615281089356
0.00862565696293368751
0.00333999931795883265
0.00349556840633119779
0.00478393195042612149
0.00073900534036642427
0.00015302726857999658
0.00008309280565007394
0.00026395204749710313
0.00008893705766491622
0.00000729227942712073
0.00001536047477870927
0.00001649897920091421
0.00000240730816514049
0.00000457899756781012
0.00000140009844776266
0.00000013509873426492
0.00000107049850925458
0.00000014895729759910
0.00000001868820060966
0.00000000536997113481
0.00000005540221356278
0.00000004802579585887
0.00000001304462496790
0.00000000298263835684
0.00000000053082881814
0.00000000037564820572
0.00000000138913009205
0.00000000114384068375
0.00000000083327090656
0.00000000127835613458
0.00000000380845256848
0.00000000146299937054
0.00000000283456386329
0.00000000510091684692
0.00000000139387604518
0.00000000389011275157
0.00000001002000101952
0.00000000569181242916
0.00000001833764978905
0.00000001651203958581
0.00000003406492510625
0.00000000998453206971
0.00000002989879647722
0.00000001600312269022
0.00000003471635708119
0.00000000101132939152
0.00000004930042507628
0.00000003543874617714
0.00000000780926839710
0.00000001559793368179
0.00000001901680373569
0.00000004482911689188
0.00000001157053154368
0.00000007025505146686
0.00000007824536872751
0.00000000821736525610
0.00000003575736934790
0.00000002436393640698
0.00000004859218780228
0.00000000833055393608
0.00000006697616464448
0.00000001048068182729
0.00000000183286029338
0.00000007686848101308
0.00000010095751665028
0.00000004277378266574
0.00000005583038156112
0.00000004322541715235
0.00000008505302895829
0.00000009470070278099
0.00000002968805040076
0.00000008222165887350
0.00000000406778155940
0.00000005922524421392
0.00000015768293789097
0.00000004664022170123

-------------
0.09893250057705553686
0.02643413685658304744
0.02354879325145668318
0.01240499615281089356
0.00862565696293368751
0.00333999931795883265
0.00349556840633119779
0.00478393195042612149
0.00073900534036642427
0.00015302726857999658
0.00008309280565007394
0.00026395204749710313
0.00008893705766491622
0.00000729227942712073
0.00001536047477870927
0.00001649897920091421
0.00000240730816514049
0.00000457899756781012
0.00000140009844776266
0.00000013509873426491
0.00000107049850925456
0.00000014895729759875
0.00000001868820060774
0.00000000536997074574
0.00000005540221025121
0.00000004802569102311
0.00000001304450739263
0.00000000298129702509
0.00000000052350850632
0.00000000031736451928
0.00000000085109395805
0.00000000026609184335
0.00000000007486713466
0.00000000005652810673
0.00000000001794929126
0.00000000002138091888
0.00000000000303455908
0.00000000000335751650
0.00000000000215660983
0.00000000000110967403
0.00000000000047190981
0.00000000000009514211
0.00000000000005457910
0.00000000000003103576
0.00000000000001408218
0.00000000000001353657
0.00000000000003400746
0.00000000000000272018
0.00000000000000672148
0.00000000000000120355
0.00000000000000049769
0.00000000000000049987
0.00000000000000017591
0.00000000000000010025
0.00000000000000007453
0.00000000000000008781
0.00000000000000016005
0.00000000000000003741
0.00000000000000003059
0.00000000000000002510
0.00000000000000002632
0.00000000000000002151
0.00000000000000002991
0.00000000000000001985
0.00000000000000001778
0.00000000000000001426
0.00000000000000002293
0.00000000000000001173
0.00000000000000001775
0.00000000000000001363
0.00000000000000001304
0.00000000000000000596
0.00000000000000000939
0.00000000000000001741
0.00000000000000001469
0.00000000000000000634
0.00000000000000000505
0.00000000000000000425
0.00000000000000000204
0.00000000000000000139

